<?xml version="1.0" encoding="UTF-8"?>
<!-- Generated by org.testng.reporters.JUnitXMLReporter -->
<testsuite ignored="0" hostname="DESKTOP-A39E2QQ" failures="0" tests="3" name="ChromeTests" time="20.442" errors="0" timestamp="2025-12-06T21:29:23 IST">
  <testcase classname="Tests.LoginTest" name="validLoginTest" time="0.956"/>
  <testcase classname="Tests.LoginTest" name="validateHomepagetext" time="0.248"/>
  <testcase classname="Tests.LoginTest" name="validateAddtoCart" time="0.202"/>
</testsuite> <!-- ChromeTests -->
