<?xml version="1.0" encoding="UTF-8"?>
<!-- Generated by org.testng.reporters.JUnitXMLReporter -->
<testsuite ignored="0" hostname="DESKTOP-A39E2QQ" failures="0" tests="3" name="ChromeTests" time="18.402" errors="0" timestamp="2025-12-07T13:11:58 IST">
  <testcase classname="Tests.LoginTest" name="validLoginTest" time="2.186"/>
  <testcase classname="Tests.LoginTest" name="validateHomepagetext" time="0.194"/>
  <testcase classname="Tests.LoginTest" name="validateAddtoCart" time="0.193"/>
</testsuite> <!-- ChromeTests -->
