<?xml version="1.0" encoding="UTF-8"?>
<testng-results ignored="0" total="3" passed="3" failed="0" skipped="0">
  <reporter-output>
  </reporter-output>
  <suite started-at="2025-12-06T21:52:26 IST" name="RegressionSuite" finished-at="2025-12-06T21:52:42 IST" duration-ms="16034">
    <groups>
    </groups>
    <test started-at="2025-12-06T21:52:26 IST" name="ChromeTests" finished-at="2025-12-06T21:52:42 IST" duration-ms="16034">
      <class name="Tests.LoginTest">
        <test-method is-config="true" signature="setUp(java.lang.String)[pri:0, instance:Tests.LoginTest@1f9f6368]" started-at="2025-12-06T21:52:26 IST" name="setUp" finished-at="2025-12-06T21:52:33 IST" duration-ms="7124" status="PASS">
          <params>
            <param index="0">
              <value>
                <![CDATA[chrome]]>
              </value>
            </param>
          </params>
          <reporter-output>
          </reporter-output>
        </test-method> <!-- setUp -->
        <test-method signature="validLoginTest()[pri:1, instance:Tests.LoginTest@1f9f6368]" started-at="2025-12-06T21:52:33 IST" name="validLoginTest" finished-at="2025-12-06T21:52:34 IST" duration-ms="765" status="PASS">
          <reporter-output>
          </reporter-output>
        </test-method> <!-- validLoginTest -->
        <test-method is-config="true" signature="afterEachTest()[pri:0, instance:Tests.LoginTest@1f9f6368]" started-at="2025-12-06T21:52:34 IST" name="afterEachTest" finished-at="2025-12-06T21:52:36 IST" duration-ms="2006" status="PASS">
          <reporter-output>
          </reporter-output>
        </test-method> <!-- afterEachTest -->
        <test-method signature="validateHomepagetext()[pri:2, instance:Tests.LoginTest@1f9f6368]" started-at="2025-12-06T21:52:36 IST" name="validateHomepagetext" finished-at="2025-12-06T21:52:36 IST" duration-ms="261" status="PASS">
          <reporter-output>
          </reporter-output>
        </test-method> <!-- validateHomepagetext -->
        <test-method is-config="true" signature="afterEachTest()[pri:0, instance:Tests.LoginTest@1f9f6368]" started-at="2025-12-06T21:52:36 IST" name="afterEachTest" finished-at="2025-12-06T21:52:38 IST" duration-ms="2011" status="PASS">
          <reporter-output>
          </reporter-output>
        </test-method> <!-- afterEachTest -->
        <test-method signature="validateAddtoCart()[pri:3, instance:Tests.LoginTest@1f9f6368]" started-at="2025-12-06T21:52:38 IST" name="validateAddtoCart" finished-at="2025-12-06T21:52:38 IST" duration-ms="208" status="PASS">
          <reporter-output>
          </reporter-output>
        </test-method> <!-- validateAddtoCart -->
        <test-method is-config="true" signature="afterEachTest()[pri:0, instance:Tests.LoginTest@1f9f6368]" started-at="2025-12-06T21:52:38 IST" name="afterEachTest" finished-at="2025-12-06T21:52:40 IST" duration-ms="2010" status="PASS">
          <reporter-output>
          </reporter-output>
        </test-method> <!-- afterEachTest -->
        <test-method is-config="true" signature="tearDown()[pri:0, instance:Tests.LoginTest@1f9f6368]" started-at="2025-12-06T21:52:40 IST" name="tearDown" finished-at="2025-12-06T21:52:42 IST" duration-ms="1560" status="PASS">
          <reporter-output>
          </reporter-output>
        </test-method> <!-- tearDown -->
      </class> <!-- Tests.LoginTest -->
    </test> <!-- ChromeTests -->
  </suite> <!-- RegressionSuite -->
</testng-results>
