<?xml version="1.0" encoding="UTF-8"?>
<testng-results ignored="0" total="3" passed="3" failed="0" skipped="0">
  <reporter-output>
  </reporter-output>
  <suite started-at="2025-12-07T13:14:16 IST" name="RegressionSuite" finished-at="2025-12-07T13:14:34 IST" duration-ms="17212">
    <groups>
    </groups>
    <test started-at="2025-12-07T13:14:16 IST" name="ChromeTests" finished-at="2025-12-07T13:14:34 IST" duration-ms="17212">
      <class name="Tests.LoginTest">
        <test-method is-config="true" signature="setUp(java.lang.String)[pri:0, instance:Tests.LoginTest@1f9f6368]" started-at="2025-12-07T13:14:16 IST" name="setUp" finished-at="2025-12-07T13:14:24 IST" duration-ms="8072" status="PASS">
          <params>
            <param index="0">
              <value>
                <![CDATA[chrome]]>
              </value>
            </param>
          </params>
          <reporter-output>
          </reporter-output>
        </test-method> <!-- setUp -->
        <test-method signature="validLoginTest()[pri:1, instance:Tests.LoginTest@1f9f6368]" started-at="2025-12-07T13:14:24 IST" name="validLoginTest" finished-at="2025-12-07T13:14:25 IST" duration-ms="737" status="PASS">
          <reporter-output>
          </reporter-output>
        </test-method> <!-- validLoginTest -->
        <test-method is-config="true" signature="afterEachTest()[pri:0, instance:Tests.LoginTest@1f9f6368]" started-at="2025-12-07T13:14:25 IST" name="afterEachTest" finished-at="2025-12-07T13:14:27 IST" duration-ms="2010" status="PASS">
          <reporter-output>
          </reporter-output>
        </test-method> <!-- afterEachTest -->
        <test-method signature="validateHomepagetext()[pri:2, instance:Tests.LoginTest@1f9f6368]" started-at="2025-12-07T13:14:27 IST" name="validateHomepagetext" finished-at="2025-12-07T13:14:27 IST" duration-ms="249" status="PASS">
          <reporter-output>
          </reporter-output>
        </test-method> <!-- validateHomepagetext -->
        <test-method is-config="true" signature="afterEachTest()[pri:0, instance:Tests.LoginTest@1f9f6368]" started-at="2025-12-07T13:14:27 IST" name="afterEachTest" finished-at="2025-12-07T13:14:29 IST" duration-ms="2007" status="PASS">
          <reporter-output>
          </reporter-output>
        </test-method> <!-- afterEachTest -->
        <test-method signature="validateAddtoCart()[pri:3, instance:Tests.LoginTest@1f9f6368]" started-at="2025-12-07T13:14:29 IST" name="validateAddtoCart" finished-at="2025-12-07T13:14:30 IST" duration-ms="204" status="PASS">
          <reporter-output>
          </reporter-output>
        </test-method> <!-- validateAddtoCart -->
        <test-method is-config="true" signature="afterEachTest()[pri:0, instance:Tests.LoginTest@1f9f6368]" started-at="2025-12-07T13:14:30 IST" name="afterEachTest" finished-at="2025-12-07T13:14:32 IST" duration-ms="2007" status="PASS">
          <reporter-output>
          </reporter-output>
        </test-method> <!-- afterEachTest -->
        <test-method is-config="true" signature="tearDown()[pri:0, instance:Tests.LoginTest@1f9f6368]" started-at="2025-12-07T13:14:32 IST" name="tearDown" finished-at="2025-12-07T13:14:34 IST" duration-ms="1852" status="PASS">
          <reporter-output>
          </reporter-output>
        </test-method> <!-- tearDown -->
      </class> <!-- Tests.LoginTest -->
    </test> <!-- ChromeTests -->
  </suite> <!-- RegressionSuite -->
</testng-results>
