<?xml version="1.0" encoding="UTF-8"?>
<!-- Generated by org.testng.reporters.JUnitXMLReporter -->
<testsuite ignored="0" hostname="DESKTOP-A39E2QQ" failures="0" tests="3" name="ChromeTests" time="17.212" errors="0" timestamp="2025-12-07T13:14:34 IST">
  <testcase classname="Tests.LoginTest" name="validLoginTest" time="0.737"/>
  <testcase classname="Tests.LoginTest" name="validateHomepagetext" time="0.249"/>
  <testcase classname="Tests.LoginTest" name="validateAddtoCart" time="0.204"/>
</testsuite> <!-- ChromeTests -->
