<?xml version="1.0" encoding="UTF-8"?>
<!-- Generated by org.testng.reporters.JUnitReportReporter -->
<testsuite hostname="DESKTOP-A39E2QQ" failures="0" tests="3" name="Tests.LoginTest" time="7.261" errors="0" timestamp="2025-12-06T21:52:42 IST" skipped="0">
  <testcase classname="Tests.LoginTest" name="validLoginTest" time="2.771"/>
  <testcase classname="Tests.LoginTest" name="validateHomepagetext" time="2.272"/>
  <testcase classname="Tests.LoginTest" name="validateAddtoCart" time="2.218"/>
</testsuite> <!-- Tests.LoginTest -->
