<?xml version="1.0" encoding="UTF-8"?>
<!-- Generated by org.testng.reporters.JUnitReportReporter -->
<testsuite hostname="DESKTOP-A39E2QQ" failures="0" tests="3" name="Tests.LoginTest" time="7.214" errors="0" timestamp="2025-12-07T13:14:34 IST" skipped="0">
  <testcase classname="Tests.LoginTest" name="validLoginTest" time="2.747"/>
  <testcase classname="Tests.LoginTest" name="validateHomepagetext" time="2.256"/>
  <testcase classname="Tests.LoginTest" name="validateAddtoCart" time="2.211"/>
</testsuite> <!-- Tests.LoginTest -->
